Using pre-set license
Built from '2020.3/staging' branch; Version is '2020.3.13f1 (71691879b7f5) revision 7432472'; Using compiler version '192528614'; Build Type 'Release'
OS: 'Windows 10 Education; OS build 19043.1110; Version 2009; 64bit' Language: 'en' Physical Memory: 32683 MB
BatchMode: 1, IsHumanControllingUs: 0, StartBugReporterOnCrash: 0, Is64bit: 1, IsPro: 0

 COMMAND LINE ARGUMENTS:
C:\Program Files\Unity\Hub\Editor\2020.3.13f1\Editor\Unity.exe
-adb2
-batchMode
-noUpm
-name
AssetImportWorker0
-projectPath
D:/Repos/Experiment
-logFile
Logs/AssetImportWorker0.log
-srvPort
53465
Successfully changed project path to: D:/Repos/Experiment
D:/Repos/Experiment
Using Asset Import Pipeline V2.
Refreshing native plugins compatible for Editor in 37.35 ms, found 3 plugins.
Preloading 0 native plugins for Editor in 0.00 ms.
Initialize engine version: 2020.3.13f1 (71691879b7f5)
[Subsystems] Discovering subsystems at path C:/Program Files/Unity/Hub/Editor/2020.3.13f1/Editor/Data/Resources/UnitySubsystems
[Subsystems] Discovering subsystems at path D:/Repos/Experiment/Assets
GfxDevice: creating device client; threaded=0
Direct3D:
    Version:  Direct3D 11.0 [level 11.1]
    Renderer: NVIDIA GeForce GTX 1080 (ID=0x1b80)
    Vendor:   
    VRAM:     8079 MB
    Driver:   27.21.14.6677
Initialize mono
Mono path[0] = 'C:/Program Files/Unity/Hub/Editor/2020.3.13f1/Editor/Data/Managed'
Mono path[1] = 'C:/Program Files/Unity/Hub/Editor/2020.3.13f1/Editor/Data/MonoBleedingEdge/lib/mono/unityjit'
Mono config path = 'C:/Program Files/Unity/Hub/Editor/2020.3.13f1/Editor/Data/MonoBleedingEdge/etc'
Using monoOptions --debugger-agent=transport=dt_socket,embedding=1,server=y,suspend=n,address=127.0.0.1:56404
Begin MonoManager ReloadAssembly
Registering precompiled unity dll's ...
Register platform support module: C:/Program Files/Unity/Hub/Editor/2020.3.13f1/Editor/Data/PlaybackEngines/WindowsStandaloneSupport/UnityEditor.WindowsStandalone.Extensions.dll
Registered in 0.001388 seconds.
Native extension for WindowsStandalone target not found
Refreshing native plugins compatible for Editor in 33.96 ms, found 3 plugins.
Preloading 0 native plugins for Editor in 0.00 ms.
Mono: successfully reloaded assembly
- Completed reload, in  0.896 seconds
Platform modules already initialized, skipping
Registering precompiled user dll's ...
Registered in 0.003287 seconds.
Begin MonoManager ReloadAssembly
Native extension for WindowsStandalone target not found
Refreshing native plugins compatible for Editor in 0.56 ms, found 3 plugins.
Preloading 0 native plugins for Editor in 0.00 ms.
Mono: successfully reloaded assembly
- Completed reload, in  1.399 seconds
Platform modules already initialized, skipping
========================================================================
Worker process is ready to serve import requests
Launched and connected shader compiler UnityShaderCompiler.exe after 0.03 seconds
Refreshing native plugins compatible for Editor in 0.63 ms, found 3 plugins.
Preloading 0 native plugins for Editor in 0.00 ms.
Unloading 1935 Unused Serialized files (Serialized files now loaded: 0)
System memory in use before: 89.2 MB.
System memory in use after: 89.3 MB.

Unloading 104 unused Assets to reduce memory usage. Loaded Objects now: 2401.
Total: 2.105600 ms (FindLiveObjects: 0.184300 ms CreateObjectMapping: 0.059800 ms MarkObjects: 1.720400 ms  DeleteObjects: 0.140300 ms)

AssetImportParameters requested are different than current active one (requested -> active):
  custom:framework-win-MediaFoundation: 216162199b28c13a410421893ffa2e32 -> 
  custom:video-decoder-ogg-theora: a1e56fd34408186e4bbccfd4996cb3dc -> 
  custom:container-muxer-webm: aa71ff27fc2769a1b78a27578f13a17b -> 
  custom:container-demuxer-webm: 4f35f7cbe854078d1ac9338744f61a02 -> 
  custom:container-demuxer-ogg: 62fdf1f143b41e24485cea50d1cbac27 -> 
  custom:video-encoder-webm-vp8: eb34c28f22e8b96e1ab97ce403110664 -> 
  custom:video-decoder-webm-vp8: 9c59270c3fd7afecdb556c50c9e8de78 -> 
  custom:audio-decoder-ogg-vorbis: bf7c407c2cedff20999df2af8eb42d56 -> 
  custom:audio-encoder-webm-vorbis: bf7c407c2cedff20999df2af8eb42d56 -> 
========================================================================
Received Import Request.
  path: Assets/External Dependencies/InControl
  artifactKey: Guid(b9af6d6599b7f476fa468f6f65bd93f1) Importer(815301076,1909f56bfc062723c751e8b465ee728b)
Start importing Assets/External Dependencies/InControl using Guid(b9af6d6599b7f476fa468f6f65bd93f1) Importer(815301076,1909f56bfc062723c751e8b465ee728b)  -> (artifact id: '6efaa6ba79ac840e8278cb49523b4fbe') in 0.003412 seconds 
  Import took 0.005701 seconds .

========================================================================
Received Import Request.
  Time since last request: 0.000156 seconds.
  path: Assets/External Dependencies/Cross Section Shader
  artifactKey: Guid(4582d4d1f37a88b40a159e67773e56c2) Importer(815301076,1909f56bfc062723c751e8b465ee728b)
Start importing Assets/External Dependencies/Cross Section Shader using Guid(4582d4d1f37a88b40a159e67773e56c2) Importer(815301076,1909f56bfc062723c751e8b465ee728b)  -> (artifact id: '7689fce48ff40714362b8775454b01c3') in 0.000992 seconds 
  Import took 0.002849 seconds .

========================================================================
Received Import Request.
  Time since last request: 0.000106 seconds.
  path: Assets/External Dependencies/Kenney Assets
  artifactKey: Guid(d477da9e9266e9d4580dce0b6b803e96) Importer(815301076,1909f56bfc062723c751e8b465ee728b)
Start importing Assets/External Dependencies/Kenney Assets using Guid(d477da9e9266e9d4580dce0b6b803e96) Importer(815301076,1909f56bfc062723c751e8b465ee728b)  -> (artifact id: '80132bea5b4b7abf182de802811fae1d') in 0.001003 seconds 
  Import took 0.003053 seconds .

========================================================================
Received Import Request.
  Time since last request: 5.878663 seconds.
  path: Assets/Materials/New Material 1.mat
  artifactKey: Guid(e3381776720a3b14681a6eaae4be4d7d) Importer(815301076,1909f56bfc062723c751e8b465ee728b)
Start importing Assets/Materials/New Material 1.mat using Guid(e3381776720a3b14681a6eaae4be4d7d) Importer(815301076,1909f56bfc062723c751e8b465ee728b)  -> (artifact id: 'a6d20af08de56e7c10468a1ae236f6b9') in 0.127492 seconds 
  Import took 0.130255 seconds .

========================================================================
Received Import Request.
  Time since last request: 0.000215 seconds.
  path: Assets/Materials/New Material.mat
  artifactKey: Guid(4419dde2f850a16418a0c565ece56de1) Importer(815301076,1909f56bfc062723c751e8b465ee728b)
Start importing Assets/Materials/New Material.mat using Guid(4419dde2f850a16418a0c565ece56de1) Importer(815301076,1909f56bfc062723c751e8b465ee728b)  -> (artifact id: '7d99e24db703819f1c5d107afa351511') in 0.115438 seconds 
  Import took 0.117853 seconds .

========================================================================
Received Import Request.
  Time since last request: 0.000210 seconds.
  path: Assets/Materials/New Material 2.mat
  artifactKey: Guid(783723f3ce980b544996b15bc60d51da) Importer(815301076,1909f56bfc062723c751e8b465ee728b)
Start importing Assets/Materials/New Material 2.mat using Guid(783723f3ce980b544996b15bc60d51da) Importer(815301076,1909f56bfc062723c751e8b465ee728b)  -> (artifact id: 'fab625ffe1b60e902f4999152646cfe6') in 0.004975 seconds 
  Import took 0.007065 seconds .

========================================================================
Received Import Request.
  Time since last request: 0.674728 seconds.
  path: Assets/Prefabs/PlainSurface.prefab
  artifactKey: Guid(db236f5fd4444a64697f7354bc0f2d66) Importer(815301076,1909f56bfc062723c751e8b465ee728b)
Start importing Assets/Prefabs/PlainSurface.prefab using Guid(db236f5fd4444a64697f7354bc0f2d66) Importer(815301076,1909f56bfc062723c751e8b465ee728b)  -> (artifact id: 'e0dd6428e5fc4c23f96b43afcad3c877') in 0.013925 seconds 
  Import took 0.016806 seconds .

========================================================================
Received Import Request.
  Time since last request: 0.000226 seconds.
  path: Assets/Prefabs/ProgressBar.prefab
  artifactKey: Guid(8678f045e24a2da4396621b2e08d024e) Importer(815301076,1909f56bfc062723c751e8b465ee728b)
Start importing Assets/Prefabs/ProgressBar.prefab using Guid(8678f045e24a2da4396621b2e08d024e) Importer(815301076,1909f56bfc062723c751e8b465ee728b)  -> (artifact id: 'ab83e877b705b04a0977fdf6c83035df') in 0.010021 seconds 
  Import took 0.012430 seconds .

========================================================================
Received Import Request.
  Time since last request: 0.000199 seconds.
  path: Assets/Prefabs/Sims Camera.prefab
  artifactKey: Guid(ffbd0675f7680b54faf1ec4faa701e79) Importer(815301076,1909f56bfc062723c751e8b465ee728b)
Start importing Assets/Prefabs/Sims Camera.prefab using Guid(ffbd0675f7680b54faf1ec4faa701e79) Importer(815301076,1909f56bfc062723c751e8b465ee728b)  -> (artifact id: 'da485ac6efb5bd982b734600958b0670') in 0.005051 seconds 
  Import took 0.007269 seconds .

